<?xml version="1.0" encoding="UTF-8"?>
<!-- Generated by org.testng.reporters.JUnitXMLReporter -->
<testsuite ignored="0" hostname="DESKTOP-BTIVP0I" failures="1" tests="2" name="Test" time="20.868" errors="0" timestamp="2021-04-01T14:30:38 IST">
  <testcase classname="com.htc.madisonsite.BaseTest" name="@AfterMethod doLogout" time="1.346">
    <failure type="org.openqa.selenium.ElementClickInterceptedException" message="element click intercepted: Element &amp;lt;span class=&amp;quot;label&amp;quot;&amp;gt;...&amp;lt;/span&amp;gt; is not clickable at point (1133, 103). Other element would receive the click: &amp;lt;a id=&amp;quot;lkosd&amp;quot; href=&amp;quot;http://respiratorhair.com/w7mvzzrh?lozrdfp=20&amp;amp;amp;refer=http%3A%2F%2Fdemo-store.seleniumacademy.com%2Fcustomer%2Faccount%2F&amp;amp;amp;kw=%5B%22my%22%2C%22account%22%5D&amp;amp;amp;key=e9e60ba23d060d0ab7cbcf9f83fc0863&amp;amp;amp;scrWidth=1366&amp;amp;amp;scrHeight=768&amp;amp;amp;tz=5.5&amp;amp;amp;v=21.3.v.5&amp;amp;amp;psid=app_front-104_1_1&amp;amp;amp;res=12.29&amp;amp;amp;dev=r&amp;quot; target=&amp;quot;_blank&amp;quot; style=&amp;quot;display: block; height: inherit;&amp;quot;&amp;gt;&amp;lt;/a&amp;gt;
  (Session info: chrome=89.0.4389.90)
Build info: version: &amp;apos;3.141.59&amp;apos;, revision: &amp;apos;e82be7d358&amp;apos;, time: &amp;apos;2018-11-14T08:17:03&amp;apos;
System info: host: &amp;apos;DESKTOP-BTIVP0I&amp;apos;, ip: &amp;apos;192.168.43.8&amp;apos;, os.name: &amp;apos;Windows 10&amp;apos;, os.arch: &amp;apos;amd64&amp;apos;, os.version: &amp;apos;10.0&amp;apos;, java.version: &amp;apos;12.0.1&amp;apos;
Driver info: org.openqa.selenium.chrome.ChromeDriver
Capabilities {acceptInsecureCerts: false, browserName: chrome, browserVersion: 89.0.4389.90, chrome: {chromedriverVersion: 88.0.4324.96 (68dba2d8a0b14..., userDataDir: C:\Users\myi35000\AppData\L...}, goog:chromeOptions: {debuggerAddress: localhost:54560}, javascriptEnabled: true, networkConnectionEnabled: false, pageLoadStrategy: normal, platform: WINDOWS, platformName: WINDOWS, proxy: Proxy(), setWindowRect: true, strictFileInteractability: false, timeouts: {implicit: 0, pageLoad: 300000, script: 30000}, unhandledPromptBehavior: dismiss and notify, webauthn:extension:largeBlob: true, webauthn:virtualAuthenticators: true}
Session ID: 44e583ebd6e8fe0f6a20836e4e29a06e">
      <![CDATA[org.openqa.selenium.ElementClickInterceptedException: element click intercepted: Element <span class="label">...</span> is not clickable at point (1133, 103). Other element would receive the click: <a id="lkosd" href="http://respiratorhair.com/w7mvzzrh?lozrdfp=20&amp;refer=http%3A%2F%2Fdemo-store.seleniumacademy.com%2Fcustomer%2Faccount%2F&amp;kw=%5B%22my%22%2C%22account%22%5D&amp;key=e9e60ba23d060d0ab7cbcf9f83fc0863&amp;scrWidth=1366&amp;scrHeight=768&amp;tz=5.5&amp;v=21.3.v.5&amp;psid=app_front-104_1_1&amp;res=12.29&amp;dev=r" target="_blank" style="display: block; height: inherit;"></a>
  (Session info: chrome=89.0.4389.90)
Build info: version: '3.141.59', revision: 'e82be7d358', time: '2018-11-14T08:17:03'
System info: host: 'DESKTOP-BTIVP0I', ip: '192.168.43.8', os.name: 'Windows 10', os.arch: 'amd64', os.version: '10.0', java.version: '12.0.1'
Driver info: org.openqa.selenium.chrome.ChromeDriver
Capabilities {acceptInsecureCerts: false, browserName: chrome, browserVersion: 89.0.4389.90, chrome: {chromedriverVersion: 88.0.4324.96 (68dba2d8a0b14..., userDataDir: C:\Users\myi35000\AppData\L...}, goog:chromeOptions: {debuggerAddress: localhost:54560}, javascriptEnabled: true, networkConnectionEnabled: false, pageLoadStrategy: normal, platform: WINDOWS, platformName: WINDOWS, proxy: Proxy(), setWindowRect: true, strictFileInteractability: false, timeouts: {implicit: 0, pageLoad: 300000, script: 30000}, unhandledPromptBehavior: dismiss and notify, webauthn:extension:largeBlob: true, webauthn:virtualAuthenticators: true}
Session ID: 44e583ebd6e8fe0f6a20836e4e29a06e
at org.openqa.selenium.remote.http.W3CHttpResponseCodec.createException(W3CHttpResponseCodec.java:187)
at org.openqa.selenium.remote.http.W3CHttpResponseCodec.decode(W3CHttpResponseCodec.java:122)
at org.openqa.selenium.remote.http.W3CHttpResponseCodec.decode(W3CHttpResponseCodec.java:49)
at org.openqa.selenium.remote.HttpCommandExecutor.execute(HttpCommandExecutor.java:158)
at org.openqa.selenium.remote.service.DriverCommandExecutor.execute(DriverCommandExecutor.java:83)
at org.openqa.selenium.remote.RemoteWebDriver.execute(RemoteWebDriver.java:552)
at org.openqa.selenium.remote.RemoteWebElement.execute(RemoteWebElement.java:285)
at org.openqa.selenium.remote.RemoteWebElement.click(RemoteWebElement.java:84)
at org.openqa.selenium.support.pagefactory.internal.LocatingElementHandler.invoke(LocatingElementHandler.java:51)
at com.sun.proxy.$Proxy14.click(Unknown Source)
at com.htc.madisonsite.pages.BasePage.Logout(BasePage.java:23)
at com.htc.madisonsite.BaseTest.doLogout(BaseTest.java:89)
at java.base/java.util.ArrayList.forEach(ArrayList.java:1540)
... Removed 41 stack frames]]>
    </failure>
  </testcase> <!-- @AfterMethod doLogout -->
  <testcase classname="com.htc.madisonsite.tests.LoginTest" name="Valid_And_Invalid_Login" time="8.071">
    <failure type="java.lang.AssertionError" message="expected [MY DASHBOARD] but found [LOGIN OR CREATE AN ACCOUNT]">
      <![CDATA[java.lang.AssertionError: expected [MY DASHBOARD] but found [LOGIN OR CREATE AN ACCOUNT]
at com.htc.madisonsite.tests.LoginTest.Valid_And_Invalid_Login(LoginTest.java:20)
at java.base/java.util.ArrayList.forEach(ArrayList.java:1540)
... Removed 33 stack frames]]>
    </failure>
  </testcase> <!-- Valid_And_Invalid_Login -->
  <testcase classname="com.htc.madisonsite.tests.LoginTest" name="Valid_And_Invalid_Login" time="6.045"/>
</testsuite> <!-- Test -->
